{"/Users/rustam/Hexlet/frontend-testing-react/exercises/ci/src/index.js": {"path":"/Users/rustam/Hexlet/frontend-testing-react/exercises/ci/src/index.js","statementMap":{"0":{"start":{"line":1,"column":11},"end":{"line":1,"column":24}},"1":{"start":{"line":4,"column":18},"end":{"line":20,"column":1}},"2":{"start":{"line":5,"column":32},"end":{"line":5,"column":62}},"3":{"start":{"line":7,"column":2},"end":{"line":19,"column":3}},"4":{"start":{"line":9,"column":6},"end":{"line":9,"column":32}},"5":{"start":{"line":12,"column":6},"end":{"line":12,"column":39}},"6":{"start":{"line":15,"column":6},"end":{"line":15,"column":46}},"7":{"start":{"line":18,"column":6},"end":{"line":18,"column":21}},"8":{"start":{"line":22,"column":18},"end":{"line":32,"column":1}},"9":{"start":{"line":23,"column":2},"end":{"line":31,"column":3}},"10":{"start":{"line":24,"column":17},"end":{"line":24,"column":46}},"11":{"start":{"line":25,"column":23},"end":{"line":25,"column":39}},"12":{"start":{"line":26,"column":20},"end":{"line":26,"column":56}},"13":{"start":{"line":28,"column":4},"end":{"line":28,"column":56}},"14":{"start":{"line":30,"column":4},"end":{"line":30,"column":27}},"15":{"start":{"line":35,"column":0},"end":{"line":35,"column":31}}},"fnMap":{"0":{"name":"(anonymous_0)","decl":{"start":{"line":4,"column":18},"end":{"line":4,"column":19}},"loc":{"start":{"line":4,"column":47},"end":{"line":20,"column":1}},"line":4},"1":{"name":"(anonymous_1)","decl":{"start":{"line":22,"column":18},"end":{"line":22,"column":19}},"loc":{"start":{"line":22,"column":34},"end":{"line":32,"column":1}},"line":22}},"branchMap":{"0":{"loc":{"start":{"line":4,"column":28},"end":{"line":4,"column":42}},"type":"default-arg","locations":[{"start":{"line":4,"column":35},"end":{"line":4,"column":42}}],"line":4},"1":{"loc":{"start":{"line":7,"column":2},"end":{"line":19,"column":3}},"type":"switch","locations":[{"start":{"line":8,"column":4},"end":{"line":9,"column":32}},{"start":{"line":11,"column":4},"end":{"line":12,"column":39}},{"start":{"line":14,"column":4},"end":{"line":15,"column":46}},{"start":{"line":17,"column":4},"end":{"line":18,"column":21}}],"line":7}},"s":{"0":1,"1":1,"2":5,"3":5,"4":1,"5":1,"6":2,"7":1,"8":1,"9":6,"10":6,"11":5,"12":5,"13":5,"14":1,"15":1},"f":{"0":5,"1":6},"b":{"0":[1],"1":[1,1,2,1]},"_coverageSchema":"1a1c01bbd47fc00a2c39e90264f33305004495a9","hash":"0f1d68567b5d8162e9980dcff42f4d74065fa663"}
}
